Build started 10/15/2023 12:05:22 AM.
     1>Project "C:\Users\jahis\Documents\2021_files\semester_7\video_game_programming\pong\Pong\Sources\PC\Pong.vcxproj" on node 2 (Build target(s)).
     1>C:\Program Files (x86)\MSBuild\Microsoft.Cpp\v4.0\V120\Microsoft.CppBuild.targets(381,5): warning MSB8028: The intermediate directory (Debug\) contains files shared from another project (SimpleMenusPCVS2013.vcxproj).  This can lead to incorrect clean and rebuild behavior.
     1>ClCompile:
         C:\Program Files (x86)\Microsoft Visual Studio 12.0\VC\bin\CL.exe /c /I. /I..\ /IC:\Users\jahis\Documents\2021_files\semester_7\video_game_programming\FrogSrc\PC /IC:\Users\jahis\Documents\2021_files\semester_7\video_game_programming\FrogSrc /IC:\Users\jahis\Documents\2021_files\semester_7\video_game_programming\FrogSrc\ZLib /IC:\Users\jahis\Documents\2021_files\semester_7\video_game_programming\FrogSrc\TinyThread /IC:\Users\jahis\Documents\2021_files\semester_7\video_game_programming\FrogSrc\GLEW\include /ZI /nologo /W3 /WX- /sdl /Od /Oy- /D WIN32 /D _DEBUG /D _WINDOWS /D NOMINMAX /D _USING_V110_SDK71_ /D _UNICODE /D UNICODE /Gm /EHsc /RTC1 /MTd /GS /fp:precise /Zc:wchar_t /Zc:forScope /Fo"Debug\\" /Fd"Debug\vc120.pdb" /Gd /TP /analyze- /errorReport:prompt ..\MainGame.cpp ..\MainMenu.cpp ..\MainUpdate.cpp ..\MenuState.cpp MainPC.cpp
         MainPC.cpp
         MenuState.cpp
         MainUpdate.cpp
         MainMenu.cpp
         MainGame.cpp
     1>c:\users\jahis\documents\2021_files\semester_7\video_game_programming\pong\pong\sources\maingame.cpp(155): warning C4244: '=' : conversion from 'float' to 'int', possible loss of data
     1>c:\users\jahis\documents\2021_files\semester_7\video_game_programming\pong\pong\sources\maingame.cpp(158): warning C4244: '=' : conversion from 'float' to 'int', possible loss of data
     1>c:\users\jahis\documents\2021_files\semester_7\video_game_programming\pong\pong\sources\maingame.cpp(161): warning C4244: 'argument' : conversion from 'int' to 'float', possible loss of data
     1>c:\users\jahis\documents\2021_files\semester_7\video_game_programming\pong\pong\sources\maingame.cpp(167): warning C4244: '=' : conversion from 'int' to 'float', possible loss of data
     1>c:\users\jahis\documents\2021_files\semester_7\video_game_programming\pong\pong\sources\maingame.cpp(168): warning C4244: '=' : conversion from 'int' to 'float', possible loss of data
         Generating Code...
       ResourceCompile:
         C:\Program Files (x86)\Microsoft SDKs\Windows\v7.1A\bin\rc.exe /D _USING_V110_SDK71_ /D _UNICODE /D UNICODE /l"0x0409" /nologo /fo"Debug\resource.res" resource.rc 
       Link:
         C:\Program Files (x86)\Microsoft Visual Studio 12.0\VC\bin\link.exe /ERRORREPORT:PROMPT /OUT:"C:\Users\jahis\Documents\2021_files\semester_7\video_game_programming\pong\Pong\Sources\PC\Debug\SimpleMenusD.exe" /INCREMENTAL /NOLOGO /LIBPATH:C:\Users\jahis\Documents\2021_files\semester_7\video_game_programming\FrogSrc/PC FrogPCVS2013D.lib OtherLibrariesPCVS2013D.lib Xinput.lib opengl32.lib openal32.lib winmm.lib dbghelp.lib kernel32.lib user32.lib gdi32.lib winspool.lib comdlg32.lib advapi32.lib shell32.lib ole32.lib oleaut32.lib uuid.lib odbc32.lib odbccp32.lib /MANIFEST /MANIFESTUAC:"level='asInvoker' uiAccess='false'" /manifest:embed /DEBUG /PDB:"C:\Users\jahis\Documents\2021_files\semester_7\video_game_programming\pong\Pong\Sources\PC\Debug\SimpleMenusD.pdb" /SUBSYSTEM:WINDOWS,"5.01" /TLBID:1 /DYNAMICBASE /NXCOMPAT /IMPLIB:"C:\Users\jahis\Documents\2021_files\semester_7\video_game_programming\pong\Pong\Sources\PC\Debug\SimpleMenusD.lib" /MACHINE:X86 Debug\resource.res
         Debug\MainGame.obj
         Debug\MainMenu.obj
         Debug\MainUpdate.obj
         Debug\MenuState.obj
         Debug\MainPC.obj
            Creating library C:\Users\jahis\Documents\2021_files\semester_7\video_game_programming\pong\Pong\Sources\PC\Debug\SimpleMenusD.lib and object C:\Users\jahis\Documents\2021_files\semester_7\video_game_programming\pong\Pong\Sources\PC\Debug\SimpleMenusD.exp
         Pong.vcxproj -> C:\Users\jahis\Documents\2021_files\semester_7\video_game_programming\pong\Pong\Sources\PC\Debug\SimpleMenusD.exe
     1>Done Building Project "C:\Users\jahis\Documents\2021_files\semester_7\video_game_programming\pong\Pong\Sources\PC\Pong.vcxproj" (Build target(s)).

Build succeeded.

Time Elapsed 00:00:04.45
